<?xml version="1.0" encoding="UTF-8"?>
<!-- Generated by org.testng.reporters.JUnitReportReporter -->
<testsuite hostname="DESKTOP-LQEM3VC" failures="0" tests="1" name="webdrivergetcommands.RetrieveCurrentURLOfCurrentWebPage" time="13.233" errors="0" timestamp="2024-03-18T06:13:25 EDT" skipped="0">
  <testcase classname="webdrivergetcommands.RetrieveCurrentURLOfCurrentWebPage" name="fetchCurrentURL" time="13.233"/>
</testsuite> <!-- webdrivergetcommands.RetrieveCurrentURLOfCurrentWebPage -->
