<?xml version="1.0" encoding="UTF-8"?>
<!-- Generated by org.testng.reporters.JUnitReportReporter -->
<testsuite hostname="DESKTOP-LQEM3VC" failures="0" tests="1" name="webtablehandling.NumberOfRowsAndColumns" time="0.038" errors="0" timestamp="2024-04-11T22:03:56 EDT" skipped="0">
  <testcase classname="webtablehandling.NumberOfRowsAndColumns" name="fetchNumberOfRowsAndColumns" time="0.038"/>
</testsuite> <!-- webtablehandling.NumberOfRowsAndColumns -->
