<?xml version="1.0" encoding="UTF-8"?>
<!-- Generated by org.testng.reporters.JUnitReportReporter -->
<testsuite hostname="DESKTOP-LQEM3VC" failures="0" tests="1" name="locators.LocateByNameAttribute" time="5.121" errors="0" timestamp="2024-02-25T10:39:06 EST" skipped="0">
  <testcase classname="locators.LocateByNameAttribute" name="locateByName" time="5.121"/>
</testsuite> <!-- locators.LocateByNameAttribute -->
