<?xml version="1.0" encoding="UTF-8"?>
<!-- Generated by org.testng.reporters.JUnitReportReporter -->
<testsuite hostname="DESKTOP-LQEM3VC" failures="0" tests="1" name="scrollhandling.ScrollDown" time="5.019" errors="0" timestamp="2024-03-28T03:43:50 EDT" skipped="0">
  <testcase classname="scrollhandling.ScrollDown" name="scrollDown" time="5.019"/>
</testsuite> <!-- scrollhandling.ScrollDown -->
