<?xml version="1.0" encoding="UTF-8"?>
<!-- Generated by org.testng.reporters.JUnitReportReporter -->
<testsuite hostname="DESKTOP-LQEM3VC" failures="0" tests="1" name="mouseevents.DragAndDropExample" time="3.357" errors="0" timestamp="2024-03-27T23:34:28 EDT" skipped="0">
  <testcase classname="mouseevents.DragAndDropExample" name="dragAndDropTest" time="3.357"/>
</testsuite> <!-- mouseevents.DragAndDropExample -->
