<?xml version="1.0" encoding="UTF-8"?>
<!-- Generated by org.testng.reporters.JUnitReportReporter -->
<testsuite hostname="DESKTOP-LQEM3VC" failures="0" tests="1" name="dropdownhandling.ListOfAllDropdownOption" time="14.997" errors="0" timestamp="2024-03-19T03:51:19 EDT" skipped="0">
  <testcase classname="dropdownhandling.ListOfAllDropdownOption" name="selectByVisibleText" time="14.997"/>
</testsuite> <!-- dropdownhandling.ListOfAllDropdownOption -->
