<?xml version="1.0" encoding="UTF-8"?>
<!-- Generated by org.testng.reporters.JUnitReportReporter -->
<testsuite hostname="DESKTOP-LQEM3VC" failures="0" tests="1" name="webdrivercommands.RetrieveTextByGetTextMethod" time="16.672" errors="0" timestamp="2024-03-18T03:50:34 EDT" skipped="0">
  <testcase classname="webdrivercommands.RetrieveTextByGetTextMethod" name="locateByText" time="16.672"/>
</testsuite> <!-- webdrivercommands.RetrieveTextByGetTextMethod -->
