<?xml version="1.0" encoding="UTF-8"?>
<!-- Generated by org.testng.reporters.JUnitReportReporter -->
<testsuite hostname="DESKTOP-LQEM3VC" failures="0" tests="1" name="scrollhandling.ScrollToElement" time="5.033" errors="0" timestamp="2024-03-28T03:48:00 EDT" skipped="0">
  <testcase classname="scrollhandling.ScrollToElement" name="scrollUp" time="5.033"/>
</testsuite> <!-- scrollhandling.ScrollToElement -->
