<?xml version="1.0" encoding="UTF-8"?>
<!-- Generated by org.testng.reporters.JUnitReportReporter -->
<testsuite hostname="DESKTOP-LQEM3VC" failures="0" tests="1" name="mouseevents.ClickAndHoldExample" time="6.200" errors="0" timestamp="2024-03-26T07:50:18 EDT" skipped="0">
  <testcase classname="mouseevents.ClickAndHoldExample" name="clickAndHoldTest" time="6.200"/>
</testsuite> <!-- mouseevents.ClickAndHoldExample -->
