<?xml version="1.0" encoding="UTF-8"?>
<!-- Generated by org.testng.reporters.JUnitReportReporter -->
<testsuite hostname="DESKTOP-LQEM3VC" failures="0" tests="1" name="mouseevents.MoveByOffset" time="5.441" errors="0" timestamp="2024-03-28T02:04:38 EDT" skipped="0">
  <testcase classname="mouseevents.MoveByOffset" name="moveByOffset" time="5.441"/>
</testsuite> <!-- mouseevents.MoveByOffset -->
