<?xml version="1.0" encoding="UTF-8"?>
<!-- Generated by org.testng.reporters.JUnitReportReporter -->
<testsuite hostname="DESKTOP-LQEM3VC" failures="0" tests="1" name="scrollhandling.ScrollUp" time="6.059" errors="0" timestamp="2024-03-28T03:44:14 EDT" skipped="0">
  <testcase classname="scrollhandling.ScrollUp" name="scrollUp" time="6.059"/>
</testsuite> <!-- scrollhandling.ScrollUp -->
