<?xml version="1.0" encoding="UTF-8"?>
<!-- Generated by org.testng.reporters.JUnitReportReporter -->
<testsuite hostname="DESKTOP-LQEM3VC" failures="0" tests="1" name="webdrivergetcommands.RetrieveLocationByGetLocationMethod" time="16.371" errors="0" timestamp="2024-03-18T07:25:31 EDT" skipped="0">
  <testcase classname="webdrivergetcommands.RetrieveLocationByGetLocationMethod" name="fetchLocation" time="16.371"/>
</testsuite> <!-- webdrivergetcommands.RetrieveLocationByGetLocationMethod -->
