<?xml version="1.0" encoding="UTF-8"?>
<!-- Generated by org.testng.reporters.JUnitReportReporter -->
<testsuite hostname="Md-Ebrahim" failures="0" tests="1" name="headlessbrowserhandle.HeadlessChromeBrowserInSelenium" time="1.080" errors="0" timestamp="2024-06-08T23:25:50 EDT" skipped="0">
  <testcase classname="headlessbrowserhandle.HeadlessChromeBrowserInSelenium" name="openUrl" time="1.080"/>
</testsuite> <!-- headlessbrowserhandle.HeadlessChromeBrowserInSelenium -->
