<?xml version="1.0" encoding="UTF-8"?>
<!-- Generated by org.testng.reporters.JUnitReportReporter -->
<testsuite hostname="DESKTOP-LQEM3VC" failures="0" tests="1" name="webdrivercommands.RetrieveAttributeValueByGetAttributeMethod" time="18.313" errors="0" timestamp="2024-03-18T05:32:25 EDT" skipped="0">
  <testcase classname="webdrivercommands.RetrieveAttributeValueByGetAttributeMethod" name="locateByText" time="18.313"/>
</testsuite> <!-- webdrivercommands.RetrieveAttributeValueByGetAttributeMethod -->
