<?xml version="1.0" encoding="UTF-8"?>
<!-- Generated by org.testng.reporters.JUnitReportReporter -->
<testsuite hostname="Md-Ebrahim" failures="0" tests="1" name="scrollhandling.ScrollDown" time="5.026" errors="0" timestamp="2024-06-02T12:35:58 EDT" skipped="0">
  <testcase classname="scrollhandling.ScrollDown" name="scrollDown" time="5.026"/>
</testsuite> <!-- scrollhandling.ScrollDown -->
