<?xml version="1.0" encoding="UTF-8"?>
<!-- Generated by org.testng.reporters.JUnitReportReporter -->
<testsuite hostname="DESKTOP-LQEM3VC" failures="0" tests="1" name="assertions.SoftAssertion" time="0.021" errors="0" timestamp="2024-04-09T09:00:22 EDT" skipped="0">
  <testcase classname="assertions.SoftAssertion" name="testSoftAssertion" time="0.021"/>
</testsuite> <!-- assertions.SoftAssertion -->
