<?xml version="1.0" encoding="UTF-8"?>
<!-- Generated by org.testng.reporters.JUnitReportReporter -->
<testsuite hostname="DESKTOP-LQEM3VC" failures="0" tests="1" name="tabhandling.TabHandle" time="44.213" errors="0" timestamp="2024-02-25T10:48:18 EST" skipped="0">
  <testcase classname="tabhandling.TabHandle" name="tabHandingTest" time="44.213"/>
</testsuite> <!-- tabhandling.TabHandle -->
