<?xml version="1.0" encoding="UTF-8"?>
<!-- Generated by org.testng.reporters.JUnitReportReporter -->
<testsuite hostname="Md-Ebrahim" failures="0" tests="1" name="browserhanding.EdgeBrowserInSelenium" time="4.280" errors="0" timestamp="2024-10-18T23:15:36 EDT" skipped="0">
  <testcase classname="browserhanding.EdgeBrowserInSelenium" name="openUrl" time="4.280"/>
</testsuite> <!-- browserhanding.EdgeBrowserInSelenium -->
