<?xml version="1.0" encoding="UTF-8"?>
<!-- Generated by org.testng.reporters.JUnitReportReporter -->
<testsuite hostname="DESKTOP-LQEM3VC" failures="0" tests="1" name="iframehandling.SwitchToFramesByWebElement" time="0.065" errors="0" timestamp="2024-04-04T07:56:35 EDT" skipped="0">
  <testcase classname="iframehandling.SwitchToFramesByWebElement" name="idendtifyIFramesByWebElement" time="0.065"/>
</testsuite> <!-- iframehandling.SwitchToFramesByWebElement -->
