<?xml version="1.0" encoding="UTF-8"?>
<!-- Generated by org.testng.reporters.JUnitReportReporter -->
<testsuite hostname="DESKTOP-LQEM3VC" failures="0" tests="1" name="mouseevents.DragAndDropByPositionExample" time="3.450" errors="0" timestamp="2024-03-28T00:03:56 EDT" skipped="0">
  <testcase classname="mouseevents.DragAndDropByPositionExample" name="dragAndDropByPosition" time="3.450"/>
</testsuite> <!-- mouseevents.DragAndDropByPositionExample -->
