<?xml version="1.0" encoding="UTF-8"?>
<!-- Generated by org.testng.reporters.JUnitReportReporter -->
<testsuite hostname="DESKTOP-LQEM3VC" failures="0" tests="1" name="alerthandling.AcceptPromptAlert" time="3.052" errors="0" timestamp="2024-03-28T06:39:39 EDT" skipped="0">
  <testcase classname="alerthandling.AcceptPromptAlert" name="acceptAlert" time="3.052"/>
</testsuite> <!-- alerthandling.AcceptPromptAlert -->
