<?xml version="1.0" encoding="UTF-8"?>
<!-- Generated by org.testng.reporters.JUnitReportReporter -->
<testsuite hostname="DESKTOP-LQEM3VC" failures="0" tests="1" name="webdrivergetcommands.RetrieveTheClassObject" time="6.232" errors="0" timestamp="2024-03-18T06:51:01 EDT" skipped="0">
  <testcase classname="webdrivergetcommands.RetrieveTheClassObject" name="fetchClassInfo" time="6.232"/>
</testsuite> <!-- webdrivergetcommands.RetrieveTheClassObject -->
