<?xml version="1.0" encoding="UTF-8"?>
<!-- Generated by org.testng.reporters.JUnitReportReporter -->
<testsuite hostname="DESKTOP-LQEM3VC" failures="0" tests="1" name="webtablehandling.FetchCellValueOfParticularRowAndColumn" time="0.210" errors="0" timestamp="2024-04-12T01:52:48 EDT" skipped="0">
  <testcase classname="webtablehandling.FetchCellValueOfParticularRowAndColumn" name="fetchCellValueOfParticularRowAndColumn" time="0.210"/>
</testsuite> <!-- webtablehandling.FetchCellValueOfParticularRowAndColumn -->
