<?xml version="1.0" encoding="UTF-8"?>
<!-- Generated by org.testng.reporters.JUnitReportReporter -->
<testsuite hostname="DESKTOP-LQEM3VC" failures="0" tests="1" name="locators.LocatingByID" time="5.117" errors="0" timestamp="2024-02-23T03:20:33 EST" skipped="0">
  <testcase classname="locators.LocatingByID" name="elementLocateByID" time="5.117"/>
</testsuite> <!-- locators.LocatingByID -->
