<?xml version="1.0" encoding="UTF-8"?>
<!-- Generated by org.testng.reporters.JUnitReportReporter -->
<testsuite hostname="DESKTOP-LQEM3VC" failures="0" tests="1" name="tabhandling.CountTheTabNumbers" time="5.113" errors="0" timestamp="2024-04-08T14:42:23 EDT" skipped="0">
  <testcase classname="tabhandling.CountTheTabNumbers" name="tabNumbers" time="5.113"/>
</testsuite> <!-- tabhandling.CountTheTabNumbers -->
