<?xml version="1.0" encoding="UTF-8"?>
<!-- Generated by org.testng.reporters.JUnitReportReporter -->
<testsuite hostname="DESKTOP-LQEM3VC" failures="0" tests="1" name="iframehandling.CountTotalNumberOfIFrames" time="0.026" errors="0" timestamp="2024-04-04T08:10:15 EDT" skipped="0">
  <testcase classname="iframehandling.CountTotalNumberOfIFrames" name="countIframeNumber" time="0.026"/>
</testsuite> <!-- iframehandling.CountTotalNumberOfIFrames -->
