<?xml version="1.0" encoding="UTF-8"?>
<!-- Generated by org.testng.reporters.JUnitReportReporter -->
<testsuite hostname="DESKTOP-LQEM3VC" failures="0" tests="1" name="radiobuttonhandling.SelectRadioButton" time="5.099" errors="0" timestamp="2024-03-23T21:29:34 EDT" skipped="0">
  <testcase classname="radiobuttonhandling.SelectRadioButton" name="radioButton" time="5.099"/>
</testsuite> <!-- radiobuttonhandling.SelectRadioButton -->
