<?xml version="1.0" encoding="UTF-8"?>
<!-- Generated by org.testng.reporters.JUnitReportReporter -->
<testsuite hostname="DESKTOP-LQEM3VC" failures="0" tests="1" name="scrollhandling.HorizontalScroll" time="3.060" errors="0" timestamp="2024-03-28T04:01:53 EDT" skipped="0">
  <testcase classname="scrollhandling.HorizontalScroll" name="horizontalScroll" time="3.060"/>
</testsuite> <!-- scrollhandling.HorizontalScroll -->
