<?xml version="1.0" encoding="UTF-8"?>
<!-- Generated by org.testng.reporters.JUnitReportReporter -->
<testsuite hostname="DESKTOP-LQEM3VC" failures="0" tests="1" name="alerthandling.AcceptAlert" time="5.126" errors="0" timestamp="2024-03-28T05:38:15 EDT" skipped="0">
  <testcase classname="alerthandling.AcceptAlert" name="acceptAlert" time="5.126"/>
</testsuite> <!-- alerthandling.AcceptAlert -->
