<?xml version="1.0" encoding="UTF-8"?>
<!-- Generated by org.testng.reporters.JUnitReportReporter -->
<testsuite hostname="DESKTOP-LQEM3VC" failures="0" tests="1" name="browserhandling.HeadlessChromeBrowserInSelenium" time="3.339" errors="0" timestamp="2024-02-22T23:26:02 EST" skipped="0">
  <testcase classname="browserhandling.HeadlessChromeBrowserInSelenium" name="openUrl" time="3.339"/>
</testsuite> <!-- browserhandling.HeadlessChromeBrowserInSelenium -->
