<?xml version="1.0" encoding="UTF-8"?>
<!-- Generated by org.testng.reporters.JUnitReportReporter -->
<testsuite hostname="DESKTOP-LQEM3VC" failures="0" tests="1" name="waits.FluentWaits" time="5.130" errors="0" timestamp="2024-03-23T19:38:40 EDT" skipped="0">
  <testcase classname="waits.FluentWaits" name="fluentWait" time="5.130"/>
</testsuite> <!-- waits.FluentWaits -->
