<?xml version="1.0" encoding="UTF-8"?>
<!-- Generated by org.testng.reporters.JUnitReportReporter -->
<testsuite hostname="DESKTOP-LQEM3VC" failures="0" tests="1" name="dropdownhandling.SelectByValue" time="14.269" errors="0" timestamp="2024-03-19T03:42:39 EDT" skipped="0">
  <testcase classname="dropdownhandling.SelectByValue" name="selectByValue" time="14.269"/>
</testsuite> <!-- dropdownhandling.SelectByValue -->
