<?xml version="1.0" encoding="UTF-8"?>
<!-- Generated by org.testng.reporters.JUnitReportReporter -->
<testsuite hostname="DESKTOP-LQEM3VC" failures="0" tests="1" name="iframehandling.SwitchToFramesByIndex" time="0.061" errors="0" timestamp="2024-04-04T07:53:11 EDT" skipped="0">
  <testcase classname="iframehandling.SwitchToFramesByIndex" name="idendtifyIFramesByIndex" time="0.061"/>
</testsuite> <!-- iframehandling.SwitchToFramesByIndex -->
