<?xml version="1.0" encoding="UTF-8"?>
<!-- Generated by org.testng.reporters.JUnitReportReporter -->
<testsuite hostname="DESKTOP-LQEM3VC" failures="0" tests="1" name="mouseevents.DoubleClickExample" time="0.211" errors="0" timestamp="2024-03-27T23:10:46 EDT" skipped="0">
  <testcase classname="mouseevents.DoubleClickExample" name="doubleClickTest" time="0.211"/>
</testsuite> <!-- mouseevents.DoubleClickExample -->
