<?xml version="1.0" encoding="UTF-8"?>
<!-- Generated by org.testng.reporters.JUnitReportReporter -->
<testsuite hostname="DESKTOP-LQEM3VC" failures="0" tests="1" name="checkboxhandling.SelectMultiplesCheckbox" time="10.216" errors="0" timestamp="2024-03-20T06:26:04 EDT" skipped="0">
  <testcase classname="checkboxhandling.SelectMultiplesCheckbox" name="checkByXpath" time="10.216"/>
</testsuite> <!-- checkboxhandling.SelectMultiplesCheckbox -->
