<?xml version="1.0" encoding="UTF-8"?>
<!-- Generated by org.testng.reporters.JUnitReportReporter -->
<testsuite hostname="DESKTOP-LQEM3VC" failures="0" tests="1" name="webtablehandling.FetchTableColumnValue" time="1.787" errors="0" timestamp="2024-04-11T21:48:11 EDT" skipped="0">
  <testcase classname="webtablehandling.FetchTableColumnValue" name="fetchHeading" time="1.787"/>
</testsuite> <!-- webtablehandling.FetchTableColumnValue -->
