<?xml version="1.0" encoding="UTF-8"?>
<!-- Generated by org.testng.reporters.JUnitReportReporter -->
<testsuite hostname="DESKTOP-LQEM3VC" failures="0" tests="1" name="formwebelementcommands.SendKeysMethod" time="17.151" errors="0" timestamp="2024-03-18T23:57:33 EDT" skipped="0">
  <testcase classname="formwebelementcommands.SendKeysMethod" name="sendKeys" time="17.151"/>
</testsuite> <!-- formwebelementcommands.SendKeysMethod -->
