<?xml version="1.0" encoding="UTF-8"?>
<!-- Generated by org.testng.reporters.JUnitReportReporter -->
<testsuite hostname="DESKTOP-LQEM3VC" failures="0" tests="1" name="mouseevents.MoveToElement" time="8.346" errors="0" timestamp="2024-03-28T02:15:42 EDT" skipped="0">
  <testcase classname="mouseevents.MoveToElement" name="moveToElement" time="8.346"/>
</testsuite> <!-- mouseevents.MoveToElement -->
