<?xml version="1.0" encoding="UTF-8"?>
<!-- Generated by org.testng.reporters.JUnitReportReporter -->
<testsuite hostname="DESKTOP-LQEM3VC" failures="0" tests="1" name="windowhandling.CreateNewWindow" time="5.083" errors="0" timestamp="2024-04-08T15:36:05 EDT" skipped="0">
  <testcase classname="windowhandling.CreateNewWindow" name="createNewWindow" time="5.083"/>
</testsuite> <!-- windowhandling.CreateNewWindow -->
