<?xml version="1.0" encoding="UTF-8"?>
<!-- Generated by org.testng.reporters.JUnitReportReporter -->
<testsuite hostname="DESKTOP-LQEM3VC" failures="0" tests="1" name="windowhandling.SwitchingOneWindowToAnother" time="8.283" errors="0" timestamp="2024-04-08T18:34:59 EDT" skipped="0">
  <testcase classname="windowhandling.SwitchingOneWindowToAnother" name="switchingWindow" time="8.283"/>
</testsuite> <!-- windowhandling.SwitchingOneWindowToAnother -->
