<?xml version="1.0" encoding="UTF-8"?>
<!-- Generated by org.testng.reporters.JUnitReportReporter -->
<testsuite hostname="DESKTOP-LQEM3VC" failures="0" tests="1" name="checkboxhandling.SelectCheckboxByIDLocator" time="5.067" errors="0" timestamp="2024-03-20T04:48:39 EDT" skipped="0">
  <testcase classname="checkboxhandling.SelectCheckboxByIDLocator" name="checkByID" time="5.067"/>
</testsuite> <!-- checkboxhandling.SelectCheckboxByIDLocator -->
