<?xml version="1.0" encoding="UTF-8"?>
<!-- Generated by org.testng.reporters.JUnitReportReporter -->
<testsuite hostname="DESKTOP-LQEM3VC" failures="0" tests="1" name="assertions.AssertEqualsExample" time="0.021" errors="0" timestamp="2024-04-09T06:22:33 EDT" skipped="0">
  <testcase classname="assertions.AssertEqualsExample" name="testAssertEquals" time="0.021"/>
</testsuite> <!-- assertions.AssertEqualsExample -->
