<?xml version="1.0" encoding="UTF-8"?>
<!-- Generated by org.testng.reporters.JUnitReportReporter -->
<testsuite hostname="DESKTOP-LQEM3VC" failures="0" tests="1" name="formwebelementcommands.SubmitMethod" time="11.232" errors="0" timestamp="2024-03-19T00:16:53 EDT" skipped="0">
  <testcase classname="formwebelementcommands.SubmitMethod" name="submitMethod" time="11.232"/>
</testsuite> <!-- formwebelementcommands.SubmitMethod -->
