<?xml version="1.0" encoding="UTF-8"?>
<!-- Generated by org.testng.reporters.JUnitReportReporter -->
<testsuite hostname="DESKTOP-LQEM3VC" failures="0" tests="1" name="assertions.AssertTrue" time="0.032" errors="0" timestamp="2024-04-09T06:28:37 EDT" skipped="0">
  <testcase classname="assertions.AssertTrue" name="testAssertTrue" time="0.032"/>
</testsuite> <!-- assertions.AssertTrue -->
