<?xml version="1.0" encoding="UTF-8"?>
<!-- Generated by org.testng.reporters.JUnitReportReporter -->
<testsuite hostname="DESKTOP-LQEM3VC" failures="0" tests="1" name="webtablehandling.FetchCellValueOfParticularRowAndColumn" time="0.056" errors="0" timestamp="2024-04-11T22:17:38 EDT" skipped="0">
  <testcase classname="webtablehandling.FetchCellValueOfParticularRowAndColumn" name="fetchCellValueOfParticularRowAndColumn" time="0.056"/>
</testsuite> <!-- webtablehandling.FetchCellValueOfParticularRowAndColumn -->
