<?xml version="1.0" encoding="UTF-8"?>
<!-- Generated by org.testng.reporters.JUnitReportReporter -->
<testsuite hostname="DESKTOP-LQEM3VC" failures="0" tests="1" name="assertions.AssertFalse" time="0.020" errors="0" timestamp="2024-04-09T07:21:10 EDT" skipped="0">
  <testcase classname="assertions.AssertFalse" name="testAssertFalse" time="0.020"/>
</testsuite> <!-- assertions.AssertFalse -->
