<?xml version="1.0" encoding="UTF-8"?>
<!-- Generated by org.testng.reporters.JUnitReportReporter -->
<testsuite hostname="DESKTOP-LQEM3VC" failures="0" tests="1" name="webtablehandling.GetMaximumPriceInColumn" time="0.591" errors="0" timestamp="2024-04-11T22:57:25 EDT" skipped="0">
  <testcase classname="webtablehandling.GetMaximumPriceInColumn" name="getMaximumPriceInColumn" time="0.591"/>
</testsuite> <!-- webtablehandling.GetMaximumPriceInColumn -->
