<?xml version="1.0" encoding="UTF-8"?>
<!-- Generated by org.testng.reporters.JUnitReportReporter -->
<testsuite hostname="DESKTOP-LQEM3VC" failures="0" tests="1" name="iframehandling.SwitchToFramesByName" time="0.062" errors="0" timestamp="2024-04-04T07:54:20 EDT" skipped="0">
  <testcase classname="iframehandling.SwitchToFramesByName" name="idendtifyIFramesByName" time="0.062"/>
</testsuite> <!-- iframehandling.SwitchToFramesByName -->
