<?xml version="1.0" encoding="UTF-8"?>
<!-- Generated by org.testng.reporters.JUnitReportReporter -->
<testsuite hostname="DESKTOP-LQEM3VC" failures="0" tests="1" name="webdrivergetcommands.RetrievesTitleOfCurrentWebPage" time="13.094" errors="0" timestamp="2024-03-18T05:57:56 EDT" skipped="0">
  <testcase classname="webdrivergetcommands.RetrievesTitleOfCurrentWebPage" name="getAttributeMethod" time="13.094"/>
</testsuite> <!-- webdrivergetcommands.RetrievesTitleOfCurrentWebPage -->
