<?xml version="1.0" encoding="UTF-8"?>
<!-- Generated by org.testng.reporters.JUnitReportReporter -->
<testsuite hostname="DESKTOP-LQEM3VC" failures="0" tests="1" name="iframehandling.SwitchBackToMainPage" time="0.094" errors="0" timestamp="2024-04-04T09:46:08 EDT" skipped="0">
  <testcase classname="iframehandling.SwitchBackToMainPage" name="backToMain" time="0.094"/>
</testsuite> <!-- iframehandling.SwitchBackToMainPage -->
