<?xml version="1.0" encoding="UTF-8"?>
<!-- Generated by org.testng.reporters.JUnitReportReporter -->
<testsuite hostname="DESKTOP-LQEM3VC" failures="0" tests="1" name="windowhandling.CountTheWindows" time="5.085" errors="0" timestamp="2024-04-08T15:37:06 EDT" skipped="0">
  <testcase classname="windowhandling.CountTheWindows" name="countWindows" time="5.085"/>
</testsuite> <!-- windowhandling.CountTheWindows -->
