<?xml version="1.0" encoding="UTF-8"?>
<!-- Generated by org.testng.reporters.JUnitReportReporter -->
<testsuite hostname="DESKTOP-LQEM3VC" failures="0" tests="1" name="webtablehandling.FetchTableHeading" time="0.078" errors="0" timestamp="2024-03-28T08:55:37 EDT" skipped="0">
  <testcase classname="webtablehandling.FetchTableHeading" name="fetchHeading" time="0.078"/>
</testsuite> <!-- webtablehandling.FetchTableHeading -->
