<?xml version="1.0" encoding="UTF-8"?>
<!-- Generated by org.testng.reporters.JUnitReportReporter -->
<testsuite hostname="DESKTOP-LQEM3VC" failures="0" tests="1" name="windowhandling.SwitchToNewWindow" time="8.197" errors="0" timestamp="2024-04-08T18:36:26 EDT" skipped="0">
  <testcase classname="windowhandling.SwitchToNewWindow" name="switchToTab" time="8.197"/>
</testsuite> <!-- windowhandling.SwitchToNewWindow -->
